[22:54:11.551][info] [#0:/home/kasper/.local/share/nvim/mason/packages/lua-language-server/libexec/main.lua:68]: Lua Lsp startup, root: 	/home/kasper/.local/share/nvim/mason/packages/lua-language-server/libexec
[22:54:11.551][info] [#0:/home/kasper/.local/share/nvim/mason/packages/lua-language-server/libexec/main.lua:69]: ROOT:	/home/kasper/.local/share/nvim/mason/packages/lua-language-server/libexec
[22:54:11.551][info] [#0:/home/kasper/.local/share/nvim/mason/packages/lua-language-server/libexec/main.lua:70]: LOGPATH:	/home/kasper/.local/share/nvim/mason/packages/lua-language-server/libexec/log
[22:54:11.551][info] [#0:/home/kasper/.local/share/nvim/mason/packages/lua-language-server/libexec/main.lua:71]: METAPATH:	/home/kasper/.local/share/nvim/mason/packages/lua-language-server/libexec/meta
[22:54:11.551][info] [#0:/home/kasper/.local/share/nvim/mason/packages/lua-language-server/libexec/main.lua:72]: VERSION:	3.15.0
[22:54:11.566][info] [#0:script/proto/proto.lua:260]: Listen Mode: stdio
[22:54:11.566][info] [#0:script/service/service.lua:145]: 
========= Medical Examination Report =========
    --------------- Memory ---------------
        Total: 2.266 MB
        # 00 : 2.265 MB
        # 01 : 0.000 MB
        # 02 : 0.000 MB
        # 03 : 0.000 MB
        # 04 : 0.000 MB
    --------------- Coroutine ---------------
        Total:     0
        Running:   0
        Suspended: 0
        Normal:    0
        Dead:      0
    --------------- Cache ---------------
        Total: 1
        Dead:  0
    ---------------  RPC  ---------------
        Holdon:   0
        Waiting:  0
==============================================
[22:54:11.669][info] [#0:script/client.lua:657]: Client init	{
  capabilities = {
    general = {
      positionEncodings = { "utf-8", "utf-16", "utf-32" }
    },
    textDocument = {
      callHierarchy = {
        dynamicRegistration = false
      },
      codeAction = {
        codeActionLiteralSupport = {
          codeActionKind = {
            valueSet = { "", "quickfix", "refactor", "refactor.extract", "refactor.inline", "refactor.rewrite", "source", "source.organizeImports" }
          }
        },
        dataSupport = true,
        dynamicRegistration = true,
        isPreferredSupport = true,
        resolveSupport = {
          properties = { "edit", "command" }
        }
      },
      codeLens = {
        dynamicRegistration = false,
        resolveSupport = {
          properties = { "command" }
        }
      },
      completion = {
        completionItem = {
          commitCharactersSupport = false,
          deprecatedSupport = true,
          documentationFormat = { "markdown", "plaintext" },
          preselectSupport = false,
          resolveSupport = {
            properties = { "additionalTextEdits", "command" }
          },
          snippetSupport = true,
          tagSupport = {
            valueSet = { 1 }
          }
        },
        completionItemKind = {
          valueSet = { 1, 2, 3, 4, 5, 6, 7, 8, 9, 10, 11, 12, 13, 14, 15, 16, 17, 18, 19, 20, 21, 22, 23, 24, 25 }
        },
        completionList = {
          itemDefaults = { "editRange", "insertTextFormat", "insertTextMode", "data" }
        },
        contextSupport = true,
        dynamicRegistration = false
      },
      declaration = {
        linkSupport = true
      },
      definition = {
        dynamicRegistration = true,
        linkSupport = true
      },
      diagnostic = {
        dynamicRegistration = false,
        tagSupport = {
          valueSet = { 1, 2 }
        }
      },
      documentHighlight = {
        dynamicRegistration = false
      },
      documentSymbol = {
        dynamicRegistration = false,
        hierarchicalDocumentSymbolSupport = true,
        symbolKind = {
          valueSet = { 1, 2, 3, 4, 5, 6, 7, 8, 9, 10, 11, 12, 13, 14, 15, 16, 17, 18, 19, 20, 21, 22, 23, 24, 25, 26 }
        }
      },
      foldingRange = {
        dynamicRegistration = false,
        foldingRange = {
          collapsedText = true
        },
        foldingRangeKind = {
          valueSet = { "comment", "imports", "region" }
        },
        lineFoldingOnly = true
      },
      formatting = {
        dynamicRegistration = true
      },
      hover = {
        contentFormat = { "markdown", "plaintext" },
        dynamicRegistration = true
      },
      implementation = {
        linkSupport = true
      },
      inlayHint = {
        dynamicRegistration = true,
        resolveSupport = {
          properties = { "textEdits", "tooltip", "location", "command" }
        }
      },
      publishDiagnostics = {
        dataSupport = true,
        relatedInformation = true,
        tagSupport = {
          valueSet = { 1, 2 }
        }
      },
      rangeFormatting = {
        dynamicRegistration = true,
        rangesSupport = true
      },
      references = {
        dynamicRegistration = false
      },
      rename = {
        dynamicRegistration = true,
        prepareSupport = true
      },
      semanticTokens = {
        augmentsSyntaxTokens = true,
        dynamicRegistration = false,
        formats = { "relative" },
        multilineTokenSupport = false,
        overlappingTokenSupport = true,
        requests = {
          full = {
            delta = true
          },
          range = false
        },
        serverCancelSupport = false,
        tokenModifiers = { "declaration", "definition", "readonly", "static", "deprecated", "abstract", "async", "modification", "documentation", "defaultLibrary" },
        tokenTypes = { "namespace", "type", "class", "enum", "interface", "struct", "typeParameter", "parameter", "variable", "property", "enumMember", "event", "function", "method", "macro", "keyword", "modifier", "comment", "string", "number", "regexp", "operator", "decorator" }
      },
      signatureHelp = {
        dynamicRegistration = false,
        signatureInformation = {
          activeParameterSupport = true,
          documentationFormat = { "markdown", "plaintext" },
          parameterInformation = {
            labelOffsetSupport = true
          }
        }
      },
      synchronization = {
        didSave = true,
        dynamicRegistration = false,
        willSave = true,
        willSaveWaitUntil = true
      },
      typeDefinition = {
        linkSupport = true
      }
    },
    window = {
      showDocument = {
        support = true
      },
      showMessage = {
        messageActionItem = {
          additionalPropertiesSupport = true
        }
      },
      workDoneProgress = true
    },
    workspace = {
      applyEdit = true,
      configuration = true,
      didChangeConfiguration = {
        dynamicRegistration = false
      },
      didChangeWatchedFiles = {
        dynamicRegistration = false,
        relativePatternSupport = true
      },
      fileOperations = {
        didRename = true,
        willRename = true
      },
      inlayHint = {
        refreshSupport = true
      },
      semanticTokens = {
        refreshSupport = true
      },
      symbol = {
        dynamicRegistration = false,
        symbolKind = {
          valueSet = { 1, 2, 3, 4, 5, 6, 7, 8, 9, 10, 11, 12, 13, 14, 15, 16, 17, 18, 19, 20, 21, 22, 23, 24, 25, 26 }
        }
      },
      workspaceEdit = {
        resourceOperations = { "rename", "create", "delete" }
      },
      workspaceFolders = true
    }
  },
  clientInfo = {
    name = "Neovim",
    version = "0.11.5+v0.11.5"
  },
  processId = 121507,
  rootPath = "/home/kasper/.config/nvim",
  rootUri = "file:///home/kasper/.config/nvim",
  trace = "off",
  workDoneToken = "1",
  workspaceFolders = { {
      name = "/home/kasper/.config/nvim",
      uri = "file:///home/kasper/.config/nvim"
    } }
}
[22:54:11.669][info] [#0:script/language.lua:137]: VSC language: nil
[22:54:11.669][info] [#0:script/language.lua:138]: LS  language: en-us
[22:54:11.669][info] [#0:script/workspace/workspace.lua:38]: Workspace init root: 	file:///home/kasper/.config/nvim
[22:54:11.669][info] [#0:script/workspace/workspace.lua:42]: Log path: 	/home/kasper/.local/share/nvim/mason/packages/lua-language-server/libexec/log/file_home_kasper_.config_nvim.log
[22:54:11.669][info] [#0:script/workspace/workspace.lua:48]: Workspace create: 	file:///home/kasper/.config/nvim
[22:54:11.873][info] [#0:script/provider/provider.lua:49]: Load config from client	file:///home/kasper/.config/nvim
[22:54:11.873][info] [#0:script/provider/provider.lua:50]: {
  Lua = {
    codeLens = {
      enable = true
    },
    completion = {
      callSnippet = "Replace"
    },
    doc = {
      privateName = { "^_" }
    },
    hint = {
      arrayIndex = "Disable",
      enable = true,
      paramName = "Disable",
      paramType = true,
      semicolon = "Disable",
      setType = false
    },
    runtime = {
      path = { "?.lua", "?/init.lua" },
      pathStrict = true,
      version = "LuaJIT"
    },
    workspace = {
      checkThirdParty = false,
      ignoreDir = { "/lua" },
      library = { "/usr/share/nvim/runtime/lua", "/home/kasper/.config/nvim/lua", "/home/kasper/.local/share/nvim/lazy/neovim/lua" }
    }
  }
}
[22:54:11.874][info] [#0:script/provider/provider.lua:49]: Load config from client	file:///home/kasper/.config/nvim
[22:54:11.874][info] [#0:script/provider/provider.lua:50]: {
  Lua = {
    codeLens = {
      enable = true
    },
    completion = {
      callSnippet = "Replace"
    },
    doc = {
      privateName = { "^_" }
    },
    hint = {
      arrayIndex = "Disable",
      enable = true,
      paramName = "Disable",
      paramType = true,
      semicolon = "Disable",
      setType = false
    },
    runtime = {
      path = { "?.lua", "?/init.lua" },
      pathStrict = true,
      version = "LuaJIT"
    },
    workspace = {
      checkThirdParty = false,
      ignoreDir = { "/lua" },
      library = { "/usr/share/nvim/runtime/lua", "/home/kasper/.config/nvim/lua", "/home/kasper/.local/share/nvim/lazy/neovim/lua" }
    }
  }
}
[22:54:11.875][warn] [#0:script/config/loader.lua:116]: No config?	{}
[22:54:11.875][info] [#0:script/provider/provider.lua:65]: Load config from client	fallback
[22:54:11.875][info] [#0:script/provider/provider.lua:66]: nil
[22:54:11.875][warn] [#0:script/config/loader.lua:116]: No config?	{}
[22:54:11.876][info] [#0:script/provider/provider.lua:65]: Load config from client	fallback
[22:54:11.876][info] [#0:script/provider/provider.lua:66]: nil
[22:54:11.876][info] [#0:script/provider/provider.lua:49]: Load config from client	file:///home/kasper/.config/nvim
[22:54:11.876][info] [#0:script/provider/provider.lua:50]: {
  Lua = {
    codeLens = {
      enable = true
    },
    completion = {
      callSnippet = "Replace"
    },
    doc = {
      privateName = { "^_" }
    },
    hint = {
      arrayIndex = "Disable",
      enable = true,
      paramName = "Disable",
      paramType = true,
      semicolon = "Disable",
      setType = false
    },
    runtime = {
      path = { "?.lua", "?/init.lua" },
      pathStrict = true,
      version = "LuaJIT"
    },
    workspace = {
      checkThirdParty = false,
      ignoreDir = { "/lua" },
      library = { "/usr/share/nvim/runtime/lua", "/home/kasper/.config/nvim/lua", "/home/kasper/.local/share/nvim/lazy/neovim/lua" }
    }
  }
}
[22:54:11.995][info] [#0:script/library.lua:212]: Init builtin library at:	file:///home/kasper/.config/nvim
[22:54:12.014][info] [#0:script/library.lua:212]: Init builtin library at:	nil
[22:54:12.025][warn] [#0:script/config/loader.lua:116]: No config?	{}
[22:54:12.025][info] [#0:script/provider/provider.lua:65]: Load config from client	fallback
[22:54:12.026][info] [#0:script/provider/provider.lua:66]: nil
[22:54:12.127][info] [#0:script/workspace/workspace.lua:330]: Preload start:	file:///home/kasper/.config/nvim
[22:54:12.134][info] [#0:script/workspace/workspace.lua:336]: Scan files at:	file:///home/kasper/.config/nvim
[22:54:12.135][info] [#0:script/workspace/workspace.lua:330]: Preload start:	<fallback>
[22:54:12.138][info] [#0:script/workspace/workspace.lua:359]: Scan library at:	file:///home/kasper/.local/share/nvim/mason/packages/lua-language-server/libexec/meta/Lua%205.4%20en-us%20utf8/basic.lua
[22:54:12.139][info] [#0:script/workspace/workspace.lua:359]: Scan library at:	file:///home/kasper/.local/share/nvim/mason/packages/lua-language-server/libexec/meta/Lua%205.4%20en-us%20utf8/math.lua
[22:54:12.139][info] [#0:script/workspace/workspace.lua:359]: Scan library at:	file:///home/kasper/.local/share/nvim/mason/packages/lua-language-server/libexec/meta/Lua%205.4%20en-us%20utf8/string.lua
[22:54:12.139][info] [#0:script/workspace/workspace.lua:359]: Scan library at:	file:///home/kasper/.local/share/nvim/mason/packages/lua-language-server/libexec/meta/Lua%205.4%20en-us%20utf8/io.lua
[22:54:12.139][info] [#0:script/workspace/workspace.lua:359]: Scan library at:	file:///home/kasper/.local/share/nvim/mason/packages/lua-language-server/libexec/meta/Lua%205.4%20en-us%20utf8/table.lua
[22:54:12.140][info] [#0:script/workspace/workspace.lua:359]: Scan library at:	file:///home/kasper/.local/share/nvim/mason/packages/lua-language-server/libexec/meta/Lua%205.4%20en-us%20utf8/debug.lua
[22:54:12.140][info] [#0:script/workspace/workspace.lua:359]: Scan library at:	file:///home/kasper/.local/share/nvim/mason/packages/lua-language-server/libexec/meta/Lua%205.4%20en-us%20utf8/package.lua
[22:54:12.140][info] [#0:script/workspace/workspace.lua:359]: Scan library at:	file:///home/kasper/.local/share/nvim/mason/packages/lua-language-server/libexec/meta/Lua%205.4%20en-us%20utf8/utf8.lua
[22:54:12.140][info] [#0:script/workspace/workspace.lua:359]: Scan library at:	file:///home/kasper/.local/share/nvim/mason/packages/lua-language-server/libexec/meta/LuaJIT%20en-us%20utf8/jit/profile.lua
[22:54:12.140][info] [#0:script/workspace/workspace.lua:359]: Scan library at:	file:///home/kasper/.local/share/nvim/mason/packages/lua-language-server/libexec/meta/Lua%205.4%20en-us%20utf8/coroutine.lua
[22:54:12.141][info] [#0:script/workspace/workspace.lua:359]: Scan library at:	file:///home/kasper/.local/share/nvim/mason/packages/lua-language-server/libexec/meta/LuaJIT%20en-us%20utf8/table.lua
[22:54:12.141][info] [#0:script/workspace/workspace.lua:359]: Scan library at:	file:///home/kasper/.local/share/nvim/mason/packages/lua-language-server/libexec/meta/Lua%205.4%20en-us%20utf8/os.lua
[22:54:12.141][info] [#0:script/workspace/workspace.lua:359]: Scan library at:	file:///home/kasper/.local/share/nvim/mason/packages/lua-language-server/libexec/meta/LuaJIT%20en-us%20utf8/io.lua
[22:54:12.141][info] [#0:script/workspace/workspace.lua:359]: Scan library at:	file:///home/kasper/.local/share/nvim/mason/packages/lua-language-server/libexec/meta/Lua%205.4%20en-us%20utf8/builtin.lua
[22:54:12.141][info] [#0:script/workspace/workspace.lua:359]: Scan library at:	file:///home/kasper/.local/share/nvim/mason/packages/lua-language-server/libexec/meta/LuaJIT%20en-us%20utf8/ffi.lua
[22:54:12.141][info] [#0:script/workspace/workspace.lua:359]: Scan library at:	file:///home/kasper/.config/nvim/lua
[22:54:12.142][info] [#0:script/workspace/workspace.lua:359]: Scan library at:	file:///home/kasper/.local/share/nvim/mason/packages/lua-language-server/libexec/meta/LuaJIT%20en-us%20utf8/jit.lua
[22:54:12.142][info] [#0:script/workspace/workspace.lua:359]: Scan library at:	file:///home/kasper/.local/share/nvim/mason/packages/lua-language-server/libexec/meta/LuaJIT%20en-us%20utf8/basic.lua
[22:54:12.142][info] [#0:script/workspace/workspace.lua:359]: Scan library at:	file:///home/kasper/.local/share/nvim/mason/packages/lua-language-server/libexec/meta/LuaJIT%20en-us%20utf8/jit/util.lua
[22:54:12.142][info] [#0:script/workspace/workspace.lua:359]: Scan library at:	file:///home/kasper/.local/share/nvim/mason/packages/lua-language-server/libexec/meta/LuaJIT%20en-us%20utf8/math.lua
[22:54:12.143][info] [#0:script/workspace/workspace.lua:359]: Scan library at:	file:///home/kasper/.local/share/nvim/mason/packages/lua-language-server/libexec/meta/LuaJIT%20en-us%20utf8/string.lua
[22:54:12.143][info] [#0:script/workspace/workspace.lua:359]: Scan library at:	file:///home/kasper/.local/share/nvim/mason/packages/lua-language-server/libexec/meta/LuaJIT%20en-us%20utf8/os.lua
[22:54:12.143][info] [#0:script/workspace/workspace.lua:359]: Scan library at:	file:///home/kasper/.local/share/nvim/mason/packages/lua-language-server/libexec/meta/LuaJIT%20en-us%20utf8/package.lua
[22:54:12.143][info] [#0:script/workspace/workspace.lua:359]: Scan library at:	file:///home/kasper/.local/share/nvim/mason/packages/lua-language-server/libexec/meta/LuaJIT%20en-us%20utf8/string/buffer.lua
[22:54:12.143][info] [#0:script/workspace/workspace.lua:359]: Scan library at:	file:///home/kasper/.local/share/nvim/mason/packages/lua-language-server/libexec/meta/LuaJIT%20en-us%20utf8/table/new.lua
[22:54:12.143][info] [#0:script/workspace/workspace.lua:359]: Scan library at:	file:///usr/share/nvim/runtime/lua
[22:54:12.152][info] [#0:script/workspace/workspace.lua:359]: Scan library at:	file:///home/kasper/.local/share/nvim/mason/packages/lua-language-server/libexec/meta/LuaJIT%20en-us%20utf8/bit.lua
[22:54:12.152][info] [#0:script/workspace/workspace.lua:359]: Scan library at:	file:///home/kasper/.local/share/nvim/mason/packages/lua-language-server/libexec/meta/LuaJIT%20en-us%20utf8/debug.lua
[22:54:12.152][info] [#0:script/workspace/workspace.lua:359]: Scan library at:	file:///home/kasper/.local/share/nvim/lazy/neovim/lua
[22:54:12.154][info] [#0:script/workspace/workspace.lua:359]: Scan library at:	file:///home/kasper/.local/share/nvim/mason/packages/lua-language-server/libexec/meta/LuaJIT%20en-us%20utf8/builtin.lua
[22:54:12.154][info] [#0:script/workspace/workspace.lua:359]: Scan library at:	file:///home/kasper/.local/share/nvim/mason/packages/lua-language-server/libexec/meta/LuaJIT%20en-us%20utf8/coroutine.lua
[22:54:12.154][info] [#0:script/workspace/workspace.lua:359]: Scan library at:	file:///home/kasper/.local/share/nvim/mason/packages/lua-language-server/libexec/meta/LuaJIT%20en-us%20utf8/table/clear.lua
[22:54:12.254][info] [#0:script/workspace/workspace.lua:385]: Found 11 files at:	<fallback>
[22:54:12.254][info] [#0:script/workspace/loading.lua:160]: Load files from disk:	<fallback>
[22:54:12.255][info] [#0:script/workspace/workspace.lua:385]: Found 141 files at:	file:///home/kasper/.config/nvim
[22:54:12.255][info] [#0:script/workspace/loading.lua:160]: Load files from disk:	file:///home/kasper/.config/nvim
[22:54:12.257][info] [#0:script/workspace/loading.lua:100]: Preload file at: file:///home/kasper/.local/share/nvim/mason/packages/lua-language-server/libexec/meta/Lua%205.4%20en-us%20utf8/builtin.lua , size = 0.302 KB
[22:54:12.262][info] [#0:script/workspace/loading.lua:112]: ++++As library of:	file:///home/kasper/.local/share/nvim/mason/packages/lua-language-server/libexec/meta/Lua%205.4%20en-us%20utf8/builtin.lua
[22:54:12.262][info] [#0:script/workspace/loading.lua:100]: Preload file at: file:///home/kasper/.local/share/nvim/mason/packages/lua-language-server/libexec/meta/Lua%205.4%20en-us%20utf8/os.lua , size = 5.611 KB
[22:54:12.269][info] [#0:script/workspace/loading.lua:112]: ++++As library of:	file:///home/kasper/.local/share/nvim/mason/packages/lua-language-server/libexec/meta/Lua%205.4%20en-us%20utf8/os.lua
[22:54:12.269][info] [#0:script/workspace/loading.lua:100]: Preload file at: file:///home/kasper/.local/share/nvim/mason/packages/lua-language-server/libexec/meta/LuaJIT%20en-us%20utf8/coroutine.lua , size = 2.541 KB
[22:54:12.271][info] [#0:script/workspace/loading.lua:112]: ++++As library of:	file:///home/kasper/.local/share/nvim/mason/packages/lua-language-server/libexec/meta/LuaJIT%20en-us%20utf8/coroutine.lua
[22:54:12.271][info] [#0:script/workspace/loading.lua:100]: Preload file at: file:///home/kasper/.local/share/nvim/mason/packages/lua-language-server/libexec/meta/Lua%205.4%20en-us%20utf8/coroutine.lua , size = 2.590 KB
[22:54:12.274][info] [#0:script/workspace/loading.lua:112]: ++++As library of:	file:///home/kasper/.local/share/nvim/mason/packages/lua-language-server/libexec/meta/Lua%205.4%20en-us%20utf8/coroutine.lua
[22:54:12.274][info] [#0:script/workspace/loading.lua:100]: Preload file at: file:///home/kasper/.local/share/nvim/mason/packages/lua-language-server/libexec/meta/LuaJIT%20en-us%20utf8/builtin.lua , size = 0.302 KB
[22:54:12.274][info] [#0:script/workspace/loading.lua:112]: ++++As library of:	file:///home/kasper/.local/share/nvim/mason/packages/lua-language-server/libexec/meta/LuaJIT%20en-us%20utf8/builtin.lua
[22:54:12.274][info] [#0:script/workspace/loading.lua:100]: Preload file at: file:///home/kasper/.local/share/nvim/mason/packages/lua-language-server/libexec/meta/LuaJIT%20en-us%20utf8/table/clear.lua , size = 0.797 KB
[22:54:12.275][info] [#0:script/workspace/loading.lua:112]: ++++As library of:	file:///home/kasper/.local/share/nvim/mason/packages/lua-language-server/libexec/meta/LuaJIT%20en-us%20utf8/table/clear.lua
[22:54:12.275][info] [#0:script/workspace/loading.lua:100]: Preload file at: file:///home/kasper/.local/share/nvim/mason/packages/lua-language-server/libexec/meta/Lua%205.4%20en-us%20utf8/utf8.lua , size = 2.386 KB
[22:54:12.276][info] [#0:script/workspace/loading.lua:112]: ++++As library of:	file:///home/kasper/.local/share/nvim/mason/packages/lua-language-server/libexec/meta/Lua%205.4%20en-us%20utf8/utf8.lua
[22:54:12.276][info] [#0:script/workspace/loading.lua:100]: Preload file at: file:///home/kasper/.local/share/nvim/mason/packages/lua-language-server/libexec/meta/Lua%205.4%20en-us%20utf8/package.lua , size = 2.944 KB
[22:54:12.276][info] [#0:script/workspace/loading.lua:112]: ++++As library of:	file:///home/kasper/.local/share/nvim/mason/packages/lua-language-server/libexec/meta/Lua%205.4%20en-us%20utf8/package.lua
[22:54:12.276][info] [#0:script/workspace/loading.lua:100]: Preload file at: file:///home/kasper/.local/share/nvim/lazy/neovim/lua/lualine/themes/rose-pine-alt.lua , size = 0.772 KB
[22:54:12.277][info] [#0:script/workspace/loading.lua:112]: ++++As library of:	file:///home/kasper/.local/share/nvim/lazy/neovim/lua
[22:54:12.277][info] [#0:script/workspace/loading.lua:100]: Preload file at: file:///home/kasper/.local/share/nvim/lazy/neovim/lua/lualine/themes/rose-pine.lua , size = 1.020 KB
[22:54:12.277][info] [#0:script/workspace/loading.lua:112]: ++++As library of:	file:///home/kasper/.local/share/nvim/lazy/neovim/lua
[22:54:12.277][info] [#0:script/workspace/loading.lua:100]: Preload file at: file:///home/kasper/.local/share/nvim/mason/packages/lua-language-server/libexec/meta/Lua%205.4%20en-us%20utf8/debug.lua , size = 7.637 KB
[22:54:12.281][info] [#0:script/workspace/loading.lua:112]: ++++As library of:	file:///home/kasper/.local/share/nvim/mason/packages/lua-language-server/libexec/meta/Lua%205.4%20en-us%20utf8/debug.lua
[22:54:12.281][info] [#0:script/workspace/loading.lua:100]: Preload file at: file:///home/kasper/.local/share/nvim/mason/packages/lua-language-server/libexec/meta/Lua%205.4%20en-us%20utf8/table.lua , size = 4.445 KB
[22:54:12.282][info] [#0:script/workspace/loading.lua:112]: ++++As library of:	file:///home/kasper/.local/share/nvim/mason/packages/lua-language-server/libexec/meta/Lua%205.4%20en-us%20utf8/table.lua
[22:54:12.282][info] [#0:script/workspace/loading.lua:100]: Preload file at: file:///home/kasper/.local/share/nvim/lazy/neovim/lua/rose-pine/config.lua , size = 5.843 KB
[22:54:12.284][info] [#0:script/workspace/loading.lua:112]: ++++As library of:	file:///home/kasper/.local/share/nvim/lazy/neovim/lua
[22:54:12.284][info] [#0:script/workspace/loading.lua:100]: Preload file at: file:///home/kasper/.local/share/nvim/lazy/neovim/lua/rose-pine.lua , size = 52.594 KB
[22:54:12.297][info] [#0:script/workspace/loading.lua:112]: ++++As library of:	file:///home/kasper/.local/share/nvim/lazy/neovim/lua
[22:54:12.297][info] [#0:script/workspace/loading.lua:100]: Preload file at: file:///home/kasper/.local/share/nvim/mason/packages/lua-language-server/libexec/meta/Lua%205.4%20en-us%20utf8/io.lua , size = 6.364 KB
[22:54:12.299][info] [#0:script/workspace/loading.lua:112]: ++++As library of:	file:///home/kasper/.local/share/nvim/mason/packages/lua-language-server/libexec/meta/Lua%205.4%20en-us%20utf8/io.lua
[22:54:12.299][info] [#0:script/workspace/loading.lua:100]: Preload file at: file:///home/kasper/.local/share/nvim/lazy/neovim/lua/rose-pine/palette.lua , size = 1.739 KB
[22:54:12.300][info] [#0:script/workspace/loading.lua:112]: ++++As library of:	file:///home/kasper/.local/share/nvim/lazy/neovim/lua
[22:54:12.300][info] [#0:script/workspace/loading.lua:100]: Preload file at: file:///home/kasper/.local/share/nvim/lazy/neovim/lua/rose-pine/plugins/bufferline.lua , size = 5.034 KB
[22:54:12.301][info] [#0:script/workspace/loading.lua:112]: ++++As library of:	file:///home/kasper/.local/share/nvim/lazy/neovim/lua
[22:54:12.301][info] [#0:script/workspace/loading.lua:100]: Preload file at: file:///home/kasper/.local/share/nvim/mason/packages/lua-language-server/libexec/meta/Lua%205.4%20en-us%20utf8/math.lua , size = 8.542 KB
[22:54:12.303][info] [#0:script/workspace/loading.lua:112]: ++++As library of:	file:///home/kasper/.local/share/nvim/mason/packages/lua-language-server/libexec/meta/Lua%205.4%20en-us%20utf8/math.lua
[22:54:12.303][info] [#0:script/workspace/loading.lua:100]: Preload file at: file:///home/kasper/.local/share/nvim/mason/packages/lua-language-server/libexec/meta/Lua%205.4%20en-us%20utf8/string.lua , size = 5.234 KB
[22:54:12.307][info] [#0:script/workspace/loading.lua:112]: ++++As library of:	file:///home/kasper/.local/share/nvim/mason/packages/lua-language-server/libexec/meta/Lua%205.4%20en-us%20utf8/string.lua
[22:54:12.307][info] [#0:script/workspace/loading.lua:100]: Preload file at: file:///home/kasper/.local/share/nvim/lazy/neovim/lua/rose-pine/plugins/galaxyline.lua , size = 0.379 KB
[22:54:12.307][info] [#0:script/workspace/loading.lua:112]: ++++As library of:	file:///home/kasper/.local/share/nvim/lazy/neovim/lua
[22:54:12.307][info] [#0:script/workspace/loading.lua:100]: Preload file at: file:///home/kasper/.local/share/nvim/lazy/neovim/lua/rose-pine/plugins/markid.lua , size = 0.307 KB
[22:54:12.307][info] [#0:script/workspace/loading.lua:112]: ++++As library of:	file:///home/kasper/.local/share/nvim/lazy/neovim/lua
[22:54:12.307][info] [#0:script/workspace/loading.lua:100]: Preload file at: file:///home/kasper/.local/share/nvim/lazy/neovim/lua/rose-pine/plugins/obsidian.lua , size = 0.400 KB
[22:54:12.307][info] [#0:script/workspace/loading.lua:112]: ++++As library of:	file:///home/kasper/.local/share/nvim/lazy/neovim/lua
[22:54:12.307][info] [#0:script/workspace/loading.lua:100]: Preload file at: file:///home/kasper/.local/share/nvim/lazy/neovim/lua/rose-pine/plugins/toggleterm.lua , size = 0.446 KB
[22:54:12.307][info] [#0:script/workspace/loading.lua:112]: ++++As library of:	file:///home/kasper/.local/share/nvim/lazy/neovim/lua
[22:54:12.307][info] [#0:script/workspace/loading.lua:100]: Preload file at: file:///home/kasper/.local/share/nvim/lazy/neovim/lua/rose-pine/utilities.lua , size = 1.542 KB
[22:54:12.308][info] [#0:script/workspace/loading.lua:112]: ++++As library of:	file:///home/kasper/.local/share/nvim/lazy/neovim/lua
[22:54:12.308][info] [#0:script/workspace/loading.lua:100]: Preload file at: file:///home/kasper/.local/share/nvim/mason/packages/lua-language-server/libexec/meta/LuaJIT%20en-us%20utf8/debug.lua , size = 7.310 KB
[22:54:12.310][info] [#0:script/workspace/loading.lua:112]: ++++As library of:	file:///home/kasper/.local/share/nvim/mason/packages/lua-language-server/libexec/meta/LuaJIT%20en-us%20utf8/debug.lua
[22:54:12.310][info] [#0:script/workspace/loading.lua:100]: Preload file at: file:///home/kasper/.local/share/nvim/mason/packages/lua-language-server/libexec/meta/LuaJIT%20en-us%20utf8/bit.lua , size = 1.243 KB
[22:54:12.311][info] [#0:script/workspace/loading.lua:112]: ++++As library of:	file:///home/kasper/.local/share/nvim/mason/packages/lua-language-server/libexec/meta/LuaJIT%20en-us%20utf8/bit.lua
[22:54:12.311][info] [#0:script/workspace/loading.lua:100]: Preload file at: file:///usr/share/nvim/runtime/lua/_vim9script.lua , size = 15.423 KB
[22:54:12.316][info] [#0:script/workspace/loading.lua:112]: ++++As library of:	file:///usr/share/nvim/runtime/lua
[22:54:12.316][info] [#0:script/workspace/loading.lua:100]: Preload file at: file:///usr/share/nvim/runtime/lua/coxpcall.lua , size = 3.672 KB
[22:54:12.317][info] [#0:script/workspace/loading.lua:112]: ++++As library of:	file:///usr/share/nvim/runtime/lua
[22:54:12.317][info] [#0:script/workspace/loading.lua:100]: Preload file at: file:///home/kasper/.local/share/nvim/mason/packages/lua-language-server/libexec/meta/Lua%205.4%20en-us%20utf8/basic.lua , size = 15.841 KB
[22:54:12.321][info] [#0:script/workspace/loading.lua:112]: ++++As library of:	file:///home/kasper/.local/share/nvim/mason/packages/lua-language-server/libexec/meta/Lua%205.4%20en-us%20utf8/basic.lua
[22:54:12.321][info] [#0:script/workspace/loading.lua:100]: Preload file at: file:///usr/share/nvim/runtime/lua/editorconfig.lua , size = 11.232 KB
[22:54:12.324][info] [#0:script/workspace/loading.lua:112]: ++++As library of:	file:///usr/share/nvim/runtime/lua
[22:54:12.324][info] [#0:script/workspace/loading.lua:100]: Preload file at: file:///usr/share/nvim/runtime/lua/nvim/tutor.lua , size = 2.627 KB
[22:54:12.328][info] [#0:script/workspace/loading.lua:112]: ++++As library of:	file:///usr/share/nvim/runtime/lua
[22:54:12.328][info] [#0:script/workspace/loading.lua:100]: Preload file at: file:///usr/share/nvim/runtime/lua/man.lua , size = 23.335 KB
[22:54:12.335][info] [#0:script/workspace/loading.lua:112]: ++++As library of:	file:///usr/share/nvim/runtime/lua
[22:54:12.335][info] [#0:script/workspace/loading.lua:100]: Preload file at: file:///usr/share/nvim/runtime/lua/tohtml.lua , size = 43.272 KB
[22:54:12.348][info] [#0:script/workspace/loading.lua:112]: ++++As library of:	file:///usr/share/nvim/runtime/lua
[22:54:12.348][info] [#0:script/workspace/loading.lua:100]: Preload file at: file:///usr/share/nvim/runtime/lua/vim/_buf.lua , size = 0.764 KB
[22:54:12.349][info] [#0:script/workspace/loading.lua:112]: ++++As library of:	file:///usr/share/nvim/runtime/lua
[22:54:12.349][info] [#0:script/workspace/loading.lua:100]: Preload file at: file:///usr/share/nvim/runtime/lua/vim/F.lua , size = 1.076 KB
[22:54:12.349][info] [#0:script/workspace/loading.lua:112]: ++++As library of:	file:///usr/share/nvim/runtime/lua
[22:54:12.349][info] [#0:script/workspace/loading.lua:100]: Preload file at: file:///usr/share/nvim/runtime/lua/vim/_comment.lua , size = 8.967 KB
[22:54:12.352][info] [#0:script/workspace/loading.lua:112]: ++++As library of:	file:///usr/share/nvim/runtime/lua
[22:54:12.352][info] [#0:script/workspace/loading.lua:100]: Preload file at: file:///usr/share/nvim/runtime/lua/vim/_defaults.lua , size = 32.541 KB
[22:54:12.365][info] [#0:script/workspace/loading.lua:112]: ++++As library of:	file:///usr/share/nvim/runtime/lua
[22:54:12.365][info] [#0:script/workspace/loading.lua:100]: Preload file at: file:///usr/share/nvim/runtime/lua/vim/_ftplugin/lua.lua , size = 0.540 KB
[22:54:12.366][info] [#0:script/workspace/loading.lua:112]: ++++As library of:	file:///usr/share/nvim/runtime/lua
[22:54:12.366][info] [#0:script/workspace/loading.lua:100]: Preload file at: file:///usr/share/nvim/runtime/lua/vim/_editor.lua , size = 44.544 KB
[22:54:12.377][info] [#0:script/workspace/loading.lua:112]: ++++As library of:	file:///usr/share/nvim/runtime/lua
[22:54:12.377][info] [#0:script/workspace/loading.lua:172]: Loaded files takes [0.128] sec: <fallback>
[22:54:12.377][info] [#0:script/workspace/loading.lua:181]: Compile files takes [0.000] sec: <fallback>
[22:54:12.377][info] [#0:script/workspace/loading.lua:182]: Loaded finish:	<fallback>
[22:54:12.377][info] [#0:script/workspace/workspace.lua:387]: Preload finish at:	<fallback>
[22:54:12.380][info] [#0:script/workspace/loading.lua:100]: Preload file at: file:///usr/share/nvim/runtime/lua/vim/_init_packages.lua , size = 3.023 KB
[22:54:12.381][info] [#0:script/workspace/loading.lua:112]: ++++As library of:	file:///usr/share/nvim/runtime/lua
[22:54:12.381][info] [#0:script/workspace/loading.lua:100]: Preload file at: file:///usr/share/nvim/runtime/lua/vim/_inspector.lua , size = 7.873 KB
[22:54:12.384][info] [#0:script/workspace/loading.lua:112]: ++++As library of:	file:///usr/share/nvim/runtime/lua
[22:54:12.384][info] [#0:script/workspace/loading.lua:100]: Preload file at: file:///usr/share/nvim/runtime/lua/vim/_meta/api.lua , size = 106.050 KB
[22:54:12.402][info] [#0:script/workspace/loading.lua:112]: ++++As library of:	file:///usr/share/nvim/runtime/lua
[22:54:12.403][info] [#0:script/workspace/loading.lua:100]: Preload file at: file:///usr/share/nvim/runtime/lua/vim/_meta/api_keysets.lua , size = 9.958 KB
[22:54:12.406][info] [#0:script/workspace/loading.lua:112]: ++++As library of:	file:///usr/share/nvim/runtime/lua
[22:54:12.406][info] [#0:script/workspace/loading.lua:100]: Preload file at: file:///usr/share/nvim/runtime/lua/vim/_meta/api_keysets_extra.lua , size = 6.957 KB
[22:54:12.408][info] [#0:script/workspace/loading.lua:112]: ++++As library of:	file:///usr/share/nvim/runtime/lua
[22:54:12.408][info] [#0:script/workspace/loading.lua:100]: Preload file at: file:///usr/share/nvim/runtime/lua/vim/_meta/base64.lua , size = 0.307 KB
[22:54:12.417][info] [#0:script/workspace/loading.lua:112]: ++++As library of:	file:///usr/share/nvim/runtime/lua
[22:54:12.417][info] [#0:script/workspace/loading.lua:100]: Preload file at: file:///usr/share/nvim/runtime/lua/vim/_meta/builtin.lua , size = 10.381 KB
[22:54:12.419][info] [#0:script/workspace/loading.lua:112]: ++++As library of:	file:///usr/share/nvim/runtime/lua
[22:54:12.419][info] [#0:script/workspace/loading.lua:100]: Preload file at: file:///usr/share/nvim/runtime/lua/vim/_meta/builtin_types.lua , size = 8.304 KB
[22:54:12.421][info] [#0:script/workspace/loading.lua:112]: ++++As library of:	file:///usr/share/nvim/runtime/lua
[22:54:12.421][info] [#0:script/workspace/loading.lua:100]: Preload file at: file:///usr/share/nvim/runtime/lua/vim/_meta/diff.lua , size = 2.493 KB
[22:54:12.422][info] [#0:script/workspace/loading.lua:112]: ++++As library of:	file:///usr/share/nvim/runtime/lua
[22:54:12.422][info] [#0:script/workspace/loading.lua:100]: Preload file at: file:///usr/share/nvim/runtime/lua/vim/_meta/json.lua , size = 1.537 KB
[22:54:12.423][info] [#0:script/workspace/loading.lua:112]: ++++As library of:	file:///usr/share/nvim/runtime/lua
[22:54:12.423][info] [#0:script/workspace/loading.lua:100]: Preload file at: file:///usr/share/nvim/runtime/lua/vim/_meta/misc.lua , size = 0.291 KB
[22:54:12.423][info] [#0:script/workspace/loading.lua:112]: ++++As library of:	file:///usr/share/nvim/runtime/lua
[22:54:12.423][info] [#0:script/workspace/loading.lua:100]: Preload file at: file:///usr/share/nvim/runtime/lua/vim/_meta/lpeg.lua , size = 15.348 KB
[22:54:12.425][info] [#0:script/workspace/loading.lua:112]: ++++As library of:	file:///usr/share/nvim/runtime/lua
[22:54:12.426][info] [#0:script/workspace/loading.lua:100]: Preload file at: file:///usr/share/nvim/runtime/lua/vim/_meta/mpack.lua , size = 0.478 KB
[22:54:12.426][info] [#0:script/workspace/loading.lua:112]: ++++As library of:	file:///usr/share/nvim/runtime/lua
[22:54:12.426][info] [#0:script/workspace/loading.lua:100]: Preload file at: file:///usr/share/nvim/runtime/lua/vim/_meta/re.lua , size = 2.217 KB
[22:54:12.427][info] [#0:script/workspace/loading.lua:112]: ++++As library of:	file:///usr/share/nvim/runtime/lua
[22:54:12.427][info] [#0:script/workspace/loading.lua:100]: Preload file at: file:///usr/share/nvim/runtime/lua/vim/_meta/options.lua , size = 325.048 KB
[22:54:12.488][info] [#0:script/workspace/loading.lua:112]: ++++As library of:	file:///usr/share/nvim/runtime/lua
[22:54:12.488][info] [#0:script/workspace/loading.lua:100]: Preload file at: file:///usr/share/nvim/runtime/lua/vim/_meta/regex.lua , size = 1.580 KB
[22:54:12.489][info] [#0:script/workspace/loading.lua:112]: ++++As library of:	file:///usr/share/nvim/runtime/lua
[22:54:12.489][info] [#0:script/workspace/loading.lua:100]: Preload file at: file:///usr/share/nvim/runtime/lua/vim/_meta/spell.lua , size = 0.929 KB
[22:54:12.489][info] [#0:script/workspace/loading.lua:112]: ++++As library of:	file:///usr/share/nvim/runtime/lua
[22:54:12.490][info] [#0:script/workspace/loading.lua:100]: Preload file at: file:///usr/share/nvim/runtime/lua/vim/_meta/vimfn.lua , size = 408.934 KB
[22:54:12.551][info] [#0:script/workspace/loading.lua:112]: ++++As library of:	file:///usr/share/nvim/runtime/lua
[22:54:12.551][info] [#0:script/workspace/loading.lua:100]: Preload file at: file:///usr/share/nvim/runtime/lua/vim/_meta/vvars.lua , size = 26.214 KB
[22:54:12.556][info] [#0:script/workspace/loading.lua:112]: ++++As library of:	file:///usr/share/nvim/runtime/lua
[22:54:12.556][info] [#0:script/workspace/loading.lua:100]: Preload file at: file:///usr/share/nvim/runtime/lua/vim/_meta/vvars_extra.lua , size = 4.056 KB
[22:54:12.557][info] [#0:script/workspace/loading.lua:112]: ++++As library of:	file:///usr/share/nvim/runtime/lua
[22:54:12.557][info] [#0:script/workspace/loading.lua:100]: Preload file at: file:///usr/share/nvim/runtime/lua/vim/_meta.lua , size = 1.002 KB
[22:54:12.557][info] [#0:script/workspace/loading.lua:112]: ++++As library of:	file:///usr/share/nvim/runtime/lua
[22:54:12.557][info] [#0:script/workspace/loading.lua:100]: Preload file at: file:///usr/share/nvim/runtime/lua/vim/_system.lua , size = 9.857 KB
[22:54:12.561][info] [#0:script/workspace/loading.lua:112]: ++++As library of:	file:///usr/share/nvim/runtime/lua
[22:54:12.561][info] [#0:script/workspace/loading.lua:100]: Preload file at: file:///usr/share/nvim/runtime/lua/vim/_options.lua , size = 25.508 KB
[22:54:12.584][info] [#0:script/workspace/loading.lua:112]: ++++As library of:	file:///usr/share/nvim/runtime/lua
[22:54:12.584][info] [#0:script/workspace/loading.lua:100]: Preload file at: file:///usr/share/nvim/runtime/lua/vim/_watch.lua , size = 9.736 KB
[22:54:12.587][info] [#0:script/workspace/loading.lua:112]: ++++As library of:	file:///usr/share/nvim/runtime/lua
[22:54:12.587][info] [#0:script/workspace/loading.lua:100]: Preload file at: file:///usr/share/nvim/runtime/lua/vim/deprecated/health.lua , size = 1.260 KB
[22:54:12.588][info] [#0:script/workspace/loading.lua:112]: ++++As library of:	file:///usr/share/nvim/runtime/lua
[22:54:12.588][info] [#0:script/workspace/loading.lua:100]: Preload file at: file:///usr/share/nvim/runtime/lua/vim/diagnostic.lua , size = 85.210 KB
[22:54:12.609][info] [#0:script/workspace/loading.lua:112]: ++++As library of:	file:///usr/share/nvim/runtime/lua
[22:54:12.609][info] [#0:script/workspace/loading.lua:100]: Preload file at: file:///usr/share/nvim/runtime/lua/vim/filetype/options.lua , size = 2.559 KB
[22:54:12.610][info] [#0:script/workspace/loading.lua:112]: ++++As library of:	file:///usr/share/nvim/runtime/lua
[22:54:12.610][info] [#0:script/workspace/loading.lua:100]: Preload file at: file:///usr/share/nvim/runtime/lua/vim/filetype/detect.lua , size = 61.322 KB
[22:54:12.626][info] [#0:script/workspace/loading.lua:112]: ++++As library of:	file:///usr/share/nvim/runtime/lua
[22:54:12.626][info] [#0:script/workspace/loading.lua:100]: Preload file at: file:///usr/share/nvim/runtime/lua/vim/filetype.lua , size = 78.989 KB
[22:54:12.644][info] [#0:script/workspace/loading.lua:112]: ++++As library of:	file:///usr/share/nvim/runtime/lua
[22:54:12.644][info] [#0:script/workspace/loading.lua:100]: Preload file at: file:///usr/share/nvim/runtime/lua/vim/fs.lua , size = 24.465 KB
[22:54:12.650][info] [#0:script/workspace/loading.lua:112]: ++++As library of:	file:///usr/share/nvim/runtime/lua
[22:54:12.651][info] [#0:script/workspace/loading.lua:100]: Preload file at: file:///usr/share/nvim/runtime/lua/vim/func/_memoize.lua , size = 1.979 KB
[22:54:12.652][info] [#0:script/workspace/loading.lua:112]: ++++As library of:	file:///usr/share/nvim/runtime/lua
[22:54:12.652][info] [#0:script/workspace/loading.lua:100]: Preload file at: file:///usr/share/nvim/runtime/lua/vim/glob.lua , size = 3.312 KB
[22:54:12.653][info] [#0:script/workspace/loading.lua:112]: ++++As library of:	file:///usr/share/nvim/runtime/lua
[22:54:12.653][info] [#0:script/workspace/loading.lua:100]: Preload file at: file:///usr/share/nvim/runtime/lua/vim/func.lua , size = 1.950 KB
[22:54:12.653][info] [#0:script/workspace/loading.lua:112]: ++++As library of:	file:///usr/share/nvim/runtime/lua
[22:54:12.654][info] [#0:script/workspace/loading.lua:100]: Preload file at: file:///usr/share/nvim/runtime/lua/vim/health/health.lua , size = 12.914 KB
[22:54:12.657][info] [#0:script/workspace/loading.lua:112]: ++++As library of:	file:///usr/share/nvim/runtime/lua
[22:54:12.657][info] [#0:script/workspace/loading.lua:100]: Preload file at: file:///usr/share/nvim/runtime/lua/vim/hl.lua , size = 6.054 KB
[22:54:12.659][info] [#0:script/workspace/loading.lua:112]: ++++As library of:	file:///usr/share/nvim/runtime/lua
[22:54:12.659][info] [#0:script/workspace/loading.lua:100]: Preload file at: file:///usr/share/nvim/runtime/lua/vim/health.lua , size = 15.774 KB
[22:54:12.664][info] [#0:script/workspace/loading.lua:112]: ++++As library of:	file:///usr/share/nvim/runtime/lua
[22:54:12.664][info] [#0:script/workspace/loading.lua:100]: Preload file at: file:///usr/share/nvim/runtime/lua/vim/inspect.lua , size = 8.899 KB
[22:54:12.667][info] [#0:script/workspace/loading.lua:112]: ++++As library of:	file:///usr/share/nvim/runtime/lua
[22:54:12.667][info] [#0:script/workspace/loading.lua:100]: Preload file at: file:///usr/share/nvim/runtime/lua/vim/keymap.lua , size = 3.683 KB
[22:54:12.668][info] [#0:script/workspace/loading.lua:112]: ++++As library of:	file:///usr/share/nvim/runtime/lua
[22:54:12.668][info] [#0:script/workspace/loading.lua:100]: Preload file at: file:///usr/share/nvim/runtime/lua/vim/iter.lua , size = 25.930 KB
[22:54:12.676][info] [#0:script/workspace/loading.lua:112]: ++++As library of:	file:///usr/share/nvim/runtime/lua
[22:54:12.677][info] [#0:script/workspace/loading.lua:100]: Preload file at: file:///usr/share/nvim/runtime/lua/vim/loader.lua , size = 14.564 KB
[22:54:12.682][info] [#0:script/workspace/loading.lua:112]: ++++As library of:	file:///usr/share/nvim/runtime/lua
[22:54:12.682][info] [#0:script/workspace/loading.lua:100]: Preload file at: file:///usr/share/nvim/runtime/lua/vim/lsp/_changetracking.lua , size = 11.493 KB
[22:54:12.685][info] [#0:script/workspace/loading.lua:112]: ++++As library of:	file:///usr/share/nvim/runtime/lua
[22:54:12.685][info] [#0:script/workspace/loading.lua:100]: Preload file at: file:///usr/share/nvim/runtime/lua/vim/lsp/_folding_range.lua , size = 11.456 KB
[22:54:12.689][info] [#0:script/workspace/loading.lua:112]: ++++As library of:	file:///usr/share/nvim/runtime/lua
[22:54:12.689][info] [#0:script/workspace/loading.lua:100]: Preload file at: file:///usr/share/nvim/runtime/lua/vim/lsp/_meta.lua , size = 0.585 KB
[22:54:12.689][info] [#0:script/workspace/loading.lua:112]: ++++As library of:	file:///usr/share/nvim/runtime/lua
[22:54:12.689][info] [#0:script/workspace/loading.lua:100]: Preload file at: file:///usr/share/nvim/runtime/lua/vim/lsp/_meta/protocol.lua , size = 188.964 KB
[22:54:12.750][info] [#0:script/workspace/loading.lua:112]: ++++As library of:	file:///usr/share/nvim/runtime/lua
[22:54:12.750][info] [#0:script/workspace/loading.lua:100]: Preload file at: file:///usr/share/nvim/runtime/lua/vim/lsp/_snippet_grammar.lua , size = 6.228 KB
[22:54:12.753][info] [#0:script/workspace/loading.lua:112]: ++++As library of:	file:///usr/share/nvim/runtime/lua
[22:54:12.753][info] [#0:script/workspace/loading.lua:100]: Preload file at: file:///usr/share/nvim/runtime/lua/vim/lsp/_tagfunc.lua , size = 3.236 KB
[22:54:12.754][info] [#0:script/workspace/loading.lua:112]: ++++As library of:	file:///usr/share/nvim/runtime/lua
[22:54:12.754][info] [#0:script/workspace/loading.lua:100]: Preload file at: file:///usr/share/nvim/runtime/lua/vim/lsp/_transport.lua , size = 5.152 KB
[22:54:12.756][info] [#0:script/workspace/loading.lua:112]: ++++As library of:	file:///usr/share/nvim/runtime/lua
[22:54:12.756][info] [#0:script/workspace/loading.lua:100]: Preload file at: file:///usr/share/nvim/runtime/lua/vim/lsp/_watchfiles.lua , size = 6.813 KB
[22:54:12.758][info] [#0:script/workspace/loading.lua:112]: ++++As library of:	file:///usr/share/nvim/runtime/lua
[22:54:12.758][info] [#0:script/workspace/loading.lua:100]: Preload file at: file:///usr/share/nvim/runtime/lua/vim/lsp/buf.lua , size = 43.300 KB
[22:54:12.769][info] [#0:script/workspace/loading.lua:112]: ++++As library of:	file:///usr/share/nvim/runtime/lua
[22:54:12.770][info] [#0:script/workspace/loading.lua:100]: Preload file at: file:///usr/share/nvim/runtime/lua/vim/lsp/codelens.lua , size = 9.245 KB
[22:54:12.772][info] [#0:script/workspace/loading.lua:112]: ++++As library of:	file:///usr/share/nvim/runtime/lua
[22:54:12.772][info] [#0:script/workspace/loading.lua:100]: Preload file at: file:///usr/share/nvim/runtime/lua/vim/lsp/client.lua , size = 40.721 KB
[22:54:12.782][info] [#0:script/workspace/loading.lua:112]: ++++As library of:	file:///usr/share/nvim/runtime/lua
[22:54:12.783][info] [#0:script/workspace/loading.lua:100]: Preload file at: file:///usr/share/nvim/runtime/lua/vim/lsp/completion.lua , size = 27.321 KB
[22:54:12.789][info] [#0:script/workspace/loading.lua:112]: ++++As library of:	file:///usr/share/nvim/runtime/lua
[22:54:12.789][info] [#0:script/workspace/loading.lua:100]: Preload file at: file:///usr/share/nvim/runtime/lua/vim/lsp/diagnostic.lua , size = 11.849 KB
[22:54:12.793][info] [#0:script/workspace/loading.lua:112]: ++++As library of:	file:///usr/share/nvim/runtime/lua
[22:54:12.793][info] [#0:script/workspace/loading.lua:100]: Preload file at: file:///usr/share/nvim/runtime/lua/vim/lsp/handlers.lua , size = 24.316 KB
[22:54:12.799][info] [#0:script/workspace/loading.lua:112]: ++++As library of:	file:///usr/share/nvim/runtime/lua
[22:54:12.799][info] [#0:script/workspace/loading.lua:100]: Preload file at: file:///usr/share/nvim/runtime/lua/vim/lsp/health.lua , size = 7.345 KB
[22:54:12.801][info] [#0:script/workspace/loading.lua:112]: ++++As library of:	file:///usr/share/nvim/runtime/lua
[22:54:12.801][info] [#0:script/workspace/loading.lua:100]: Preload file at: file:///usr/share/nvim/runtime/lua/vim/lsp/inlay_hint.lua , size = 11.941 KB
[22:54:12.805][info] [#0:script/workspace/loading.lua:112]: ++++As library of:	file:///usr/share/nvim/runtime/lua
[22:54:12.805][info] [#0:script/workspace/loading.lua:100]: Preload file at: file:///usr/share/nvim/runtime/lua/vim/lsp/log.lua , size = 5.593 KB
[22:54:12.807][info] [#0:script/workspace/loading.lua:112]: ++++As library of:	file:///usr/share/nvim/runtime/lua
[22:54:12.807][info] [#0:script/workspace/loading.lua:100]: Preload file at: file:///usr/share/nvim/runtime/lua/vim/lsp/protocol.lua , size = 45.016 KB
[22:54:12.813][info] [#0:script/workspace/loading.lua:112]: ++++As library of:	file:///usr/share/nvim/runtime/lua
[22:54:12.813][info] [#0:script/workspace/loading.lua:100]: Preload file at: file:///usr/share/nvim/runtime/lua/vim/lsp/rpc.lua , size = 22.153 KB
[22:54:12.820][info] [#0:script/workspace/loading.lua:112]: ++++As library of:	file:///usr/share/nvim/runtime/lua
[22:54:12.820][info] [#0:script/workspace/loading.lua:100]: Preload file at: file:///usr/share/nvim/runtime/lua/vim/lsp/semantic_tokens.lua , size = 27.239 KB
[22:54:12.828][info] [#0:script/workspace/loading.lua:112]: ++++As library of:	file:///usr/share/nvim/runtime/lua
[22:54:12.828][info] [#0:script/workspace/loading.lua:100]: Preload file at: file:///usr/share/nvim/runtime/lua/vim/lsp/sync.lua , size = 15.728 KB
[22:54:12.832][info] [#0:script/workspace/loading.lua:112]: ++++As library of:	file:///usr/share/nvim/runtime/lua
[22:54:12.832][info] [#0:script/workspace/loading.lua:100]: Preload file at: file:///usr/share/nvim/runtime/lua/vim/lsp/util.lua , size = 75.079 KB
[22:54:12.854][info] [#0:script/workspace/loading.lua:112]: ++++As library of:	file:///usr/share/nvim/runtime/lua
[22:54:12.854][info] [#0:script/workspace/loading.lua:100]: Preload file at: file:///usr/share/nvim/runtime/lua/vim/lsp.lua , size = 53.484 KB
[22:54:12.867][info] [#0:script/workspace/loading.lua:112]: ++++As library of:	file:///usr/share/nvim/runtime/lua
[22:54:12.867][info] [#0:script/workspace/loading.lua:100]: Preload file at: file:///usr/share/nvim/runtime/lua/vim/provider/health.lua , size = 29.915 KB
[22:54:12.875][info] [#0:script/workspace/loading.lua:112]: ++++As library of:	file:///usr/share/nvim/runtime/lua
[22:54:12.875][info] [#0:script/workspace/loading.lua:100]: Preload file at: file:///usr/share/nvim/runtime/lua/vim/provider/perl.lua , size = 1.998 KB
[22:54:12.876][info] [#0:script/workspace/loading.lua:112]: ++++As library of:	file:///usr/share/nvim/runtime/lua
[22:54:12.876][info] [#0:script/workspace/loading.lua:100]: Preload file at: file:///usr/share/nvim/runtime/lua/vim/provider/python.lua , size = 4.292 KB
[22:54:12.878][info] [#0:script/workspace/loading.lua:112]: ++++As library of:	file:///usr/share/nvim/runtime/lua
[22:54:12.878][info] [#0:script/workspace/loading.lua:100]: Preload file at: file:///usr/share/nvim/runtime/lua/vim/provider/ruby.lua , size = 1.563 KB
[22:54:12.879][info] [#0:script/workspace/loading.lua:112]: ++++As library of:	file:///usr/share/nvim/runtime/lua
[22:54:12.880][info] [#0:script/workspace/loading.lua:100]: Preload file at: file:///usr/share/nvim/runtime/lua/vim/provider.lua , size = 0.197 KB
[22:54:12.880][info] [#0:script/workspace/loading.lua:112]: ++++As library of:	file:///usr/share/nvim/runtime/lua
[22:54:12.880][info] [#0:script/workspace/loading.lua:100]: Preload file at: file:///usr/share/nvim/runtime/lua/vim/re.lua , size = 6.527 KB
[22:54:12.883][info] [#0:script/workspace/loading.lua:112]: ++++As library of:	file:///usr/share/nvim/runtime/lua
[22:54:12.883][info] [#0:script/workspace/loading.lua:100]: Preload file at: file:///usr/share/nvim/runtime/lua/vim/secure.lua , size = 6.484 KB
[22:54:12.885][info] [#0:script/workspace/loading.lua:112]: ++++As library of:	file:///usr/share/nvim/runtime/lua
[22:54:12.885][info] [#0:script/workspace/loading.lua:100]: Preload file at: file:///usr/share/nvim/runtime/lua/vim/snippet.lua , size = 19.841 KB
[22:54:12.891][info] [#0:script/workspace/loading.lua:112]: ++++As library of:	file:///usr/share/nvim/runtime/lua
[22:54:12.891][info] [#0:script/workspace/loading.lua:100]: Preload file at: file:///usr/share/nvim/runtime/lua/vim/shared.lua , size = 40.562 KB
[22:54:12.904][info] [#0:script/workspace/loading.lua:112]: ++++As library of:	file:///usr/share/nvim/runtime/lua
[22:54:12.904][info] [#0:script/workspace/loading.lua:100]: Preload file at: file:///usr/share/nvim/runtime/lua/vim/termcap.lua , size = 2.952 KB
[22:54:12.906][info] [#0:script/workspace/loading.lua:112]: ++++As library of:	file:///usr/share/nvim/runtime/lua
[22:54:12.906][info] [#0:script/workspace/loading.lua:100]: Preload file at: file:///usr/share/nvim/runtime/lua/vim/text.lua , size = 4.512 KB
[22:54:12.907][info] [#0:script/workspace/loading.lua:112]: ++++As library of:	file:///usr/share/nvim/runtime/lua
[22:54:12.907][info] [#0:script/workspace/loading.lua:100]: Preload file at: file:///usr/share/nvim/runtime/lua/vim/treesitter/_fold.lua , size = 14.803 KB
[22:54:12.911][info] [#0:script/workspace/loading.lua:112]: ++++As library of:	file:///usr/share/nvim/runtime/lua
[22:54:12.911][info] [#0:script/workspace/loading.lua:100]: Preload file at: file:///usr/share/nvim/runtime/lua/vim/treesitter/_headings.lua , size = 3.985 KB
[22:54:12.913][info] [#0:script/workspace/loading.lua:112]: ++++As library of:	file:///usr/share/nvim/runtime/lua
[22:54:12.913][info] [#0:script/workspace/loading.lua:100]: Preload file at: file:///usr/share/nvim/runtime/lua/vim/treesitter/_meta/misc.lua , size = 2.809 KB
[22:54:12.914][info] [#0:script/workspace/loading.lua:112]: ++++As library of:	file:///usr/share/nvim/runtime/lua
[22:54:12.914][info] [#0:script/workspace/loading.lua:100]: Preload file at: file:///usr/share/nvim/runtime/lua/vim/treesitter/_meta/tsnode.lua , size = 5.839 KB
[22:54:12.916][info] [#0:script/workspace/loading.lua:112]: ++++As library of:	file:///usr/share/nvim/runtime/lua
[22:54:12.916][info] [#0:script/workspace/loading.lua:100]: Preload file at: file:///usr/share/nvim/runtime/lua/vim/treesitter/_meta/tsquery.lua , size = 1.860 KB
[22:54:12.916][info] [#0:script/workspace/loading.lua:112]: ++++As library of:	file:///usr/share/nvim/runtime/lua
[22:54:12.917][info] [#0:script/workspace/loading.lua:100]: Preload file at: file:///usr/share/nvim/runtime/lua/vim/treesitter/_meta/tstree.lua , size = 1.252 KB
[22:54:12.917][info] [#0:script/workspace/loading.lua:112]: ++++As library of:	file:///usr/share/nvim/runtime/lua
[22:54:12.917][info] [#0:script/workspace/loading.lua:100]: Preload file at: file:///usr/share/nvim/runtime/lua/vim/treesitter/_query_linter.lua , size = 7.818 KB
[22:54:12.920][info] [#0:script/workspace/loading.lua:112]: ++++As library of:	file:///usr/share/nvim/runtime/lua
[22:54:12.920][info] [#0:script/workspace/loading.lua:100]: Preload file at: file:///usr/share/nvim/runtime/lua/vim/treesitter/_range.lua , size = 3.923 KB
[22:54:12.922][info] [#0:script/workspace/loading.lua:112]: ++++As library of:	file:///usr/share/nvim/runtime/lua
[22:54:12.922][info] [#0:script/workspace/loading.lua:100]: Preload file at: file:///usr/share/nvim/runtime/lua/vim/treesitter/dev.lua , size = 21.149 KB
[22:54:12.929][info] [#0:script/workspace/loading.lua:112]: ++++As library of:	file:///usr/share/nvim/runtime/lua
[22:54:12.929][info] [#0:script/workspace/loading.lua:100]: Preload file at: file:///usr/share/nvim/runtime/lua/vim/treesitter/health.lua , size = 2.054 KB
[22:54:12.930][info] [#0:script/workspace/loading.lua:112]: ++++As library of:	file:///usr/share/nvim/runtime/lua
[22:54:12.930][info] [#0:script/workspace/loading.lua:100]: Preload file at: file:///usr/share/nvim/runtime/lua/vim/treesitter/highlighter.lua , size = 16.760 KB
[22:54:12.939][info] [#0:script/workspace/loading.lua:112]: ++++As library of:	file:///usr/share/nvim/runtime/lua
[22:54:12.939][info] [#0:script/workspace/loading.lua:100]: Preload file at: file:///usr/share/nvim/runtime/lua/vim/treesitter/language.lua , size = 5.382 KB
[22:54:12.941][info] [#0:script/workspace/loading.lua:112]: ++++As library of:	file:///usr/share/nvim/runtime/lua
[22:54:12.941][info] [#0:script/workspace/loading.lua:100]: Preload file at: file:///usr/share/nvim/runtime/lua/vim/treesitter/languagetree.lua , size = 40.306 KB
[22:54:12.956][info] [#0:script/workspace/loading.lua:112]: ++++As library of:	file:///usr/share/nvim/runtime/lua
[22:54:12.956][info] [#0:script/workspace/loading.lua:100]: Preload file at: file:///usr/share/nvim/runtime/lua/vim/treesitter/query.lua , size = 37.730 KB
[22:54:13.014][info] [#0:script/workspace/loading.lua:112]: ++++As library of:	file:///usr/share/nvim/runtime/lua
[22:54:13.014][info] [#0:script/workspace/loading.lua:100]: Preload file at: file:///usr/share/nvim/runtime/lua/vim/treesitter.lua , size = 15.239 KB
[22:54:13.018][info] [#0:script/workspace/loading.lua:112]: ++++As library of:	file:///usr/share/nvim/runtime/lua
[22:54:13.019][info] [#0:script/workspace/loading.lua:100]: Preload file at: file:///usr/share/nvim/runtime/lua/vim/ui/clipboard/osc52.lua , size = 2.146 KB
[22:54:13.019][info] [#0:script/workspace/loading.lua:112]: ++++As library of:	file:///usr/share/nvim/runtime/lua
[22:54:13.020][info] [#0:script/workspace/loading.lua:100]: Preload file at: file:///usr/share/nvim/runtime/lua/vim/ui.lua , size = 7.683 KB
[22:54:13.022][info] [#0:script/workspace/loading.lua:112]: ++++As library of:	file:///usr/share/nvim/runtime/lua
[22:54:13.022][info] [#0:script/workspace/loading.lua:100]: Preload file at: file:///usr/share/nvim/runtime/lua/vim/uri.lua , size = 3.614 KB
[22:54:13.023][info] [#0:script/workspace/loading.lua:112]: ++++As library of:	file:///usr/share/nvim/runtime/lua
[22:54:13.024][info] [#0:script/workspace/loading.lua:100]: Preload file at: file:///usr/share/nvim/runtime/lua/vim/version.lua , size = 13.624 KB
[22:54:13.028][info] [#0:script/workspace/loading.lua:112]: ++++As library of:	file:///usr/share/nvim/runtime/lua
[22:54:13.028][info] [#0:script/workspace/loading.lua:100]: Preload file at: file:///home/kasper/.local/share/nvim/mason/packages/lua-language-server/libexec/meta/LuaJIT%20en-us%20utf8/table/new.lua , size = 0.642 KB
[22:54:13.028][info] [#0:script/workspace/loading.lua:112]: ++++As library of:	file:///home/kasper/.local/share/nvim/mason/packages/lua-language-server/libexec/meta/LuaJIT%20en-us%20utf8/table/new.lua
[22:54:13.029][info] [#0:script/workspace/loading.lua:100]: Preload file at: file:///home/kasper/.local/share/nvim/mason/packages/lua-language-server/libexec/meta/LuaJIT%20en-us%20utf8/string/buffer.lua , size = 18.123 KB
[22:54:13.031][info] [#0:script/workspace/loading.lua:112]: ++++As library of:	file:///home/kasper/.local/share/nvim/mason/packages/lua-language-server/libexec/meta/LuaJIT%20en-us%20utf8/string/buffer.lua
[22:54:13.031][info] [#0:script/workspace/loading.lua:100]: Preload file at: file:///home/kasper/.local/share/nvim/mason/packages/lua-language-server/libexec/meta/LuaJIT%20en-us%20utf8/package.lua , size = 2.699 KB
[22:54:13.032][info] [#0:script/workspace/loading.lua:112]: ++++As library of:	file:///home/kasper/.local/share/nvim/mason/packages/lua-language-server/libexec/meta/LuaJIT%20en-us%20utf8/package.lua
[22:54:13.032][info] [#0:script/workspace/loading.lua:100]: Preload file at: file:///home/kasper/.local/share/nvim/mason/packages/lua-language-server/libexec/meta/LuaJIT%20en-us%20utf8/os.lua , size = 5.611 KB
[22:54:13.034][info] [#0:script/workspace/loading.lua:112]: ++++As library of:	file:///home/kasper/.local/share/nvim/mason/packages/lua-language-server/libexec/meta/LuaJIT%20en-us%20utf8/os.lua
[22:54:13.034][info] [#0:script/workspace/loading.lua:100]: Preload file at: file:///home/kasper/.local/share/nvim/mason/packages/lua-language-server/libexec/meta/LuaJIT%20en-us%20utf8/string.lua , size = 5.217 KB
[22:54:13.036][info] [#0:script/workspace/loading.lua:112]: ++++As library of:	file:///home/kasper/.local/share/nvim/mason/packages/lua-language-server/libexec/meta/LuaJIT%20en-us%20utf8/string.lua
[22:54:13.036][info] [#0:script/workspace/loading.lua:100]: Preload file at: file:///home/kasper/.local/share/nvim/mason/packages/lua-language-server/libexec/meta/LuaJIT%20en-us%20utf8/math.lua , size = 7.982 KB
[22:54:13.038][info] [#0:script/workspace/loading.lua:112]: ++++As library of:	file:///home/kasper/.local/share/nvim/mason/packages/lua-language-server/libexec/meta/LuaJIT%20en-us%20utf8/math.lua
[22:54:13.038][info] [#0:script/workspace/loading.lua:100]: Preload file at: file:///home/kasper/.local/share/nvim/mason/packages/lua-language-server/libexec/meta/LuaJIT%20en-us%20utf8/jit/util.lua , size = 1.984 KB
[22:54:13.039][info] [#0:script/workspace/loading.lua:112]: ++++As library of:	file:///home/kasper/.local/share/nvim/mason/packages/lua-language-server/libexec/meta/LuaJIT%20en-us%20utf8/jit/util.lua
[22:54:13.039][info] [#0:script/workspace/loading.lua:100]: Preload file at: file:///home/kasper/.local/share/nvim/mason/packages/lua-language-server/libexec/meta/LuaJIT%20en-us%20utf8/basic.lua , size = 15.443 KB
[22:54:13.043][info] [#0:script/workspace/loading.lua:112]: ++++As library of:	file:///home/kasper/.local/share/nvim/mason/packages/lua-language-server/libexec/meta/LuaJIT%20en-us%20utf8/basic.lua
[22:54:13.043][info] [#0:script/workspace/loading.lua:100]: Preload file at: file:///home/kasper/.local/share/nvim/mason/packages/lua-language-server/libexec/meta/LuaJIT%20en-us%20utf8/jit.lua , size = 0.884 KB
[22:54:13.044][info] [#0:script/workspace/loading.lua:112]: ++++As library of:	file:///home/kasper/.local/share/nvim/mason/packages/lua-language-server/libexec/meta/LuaJIT%20en-us%20utf8/jit.lua
[22:54:13.044][info] [#0:script/workspace/loading.lua:100]: Preload file at: file:///home/kasper/.config/nvim/lua/config/autocmds.lua , size = 0.414 KB
[22:54:13.044][info] [#0:script/workspace/loading.lua:112]: ++++As library of:	file:///home/kasper/.config/nvim/lua
[22:54:13.044][info] [#0:script/workspace/loading.lua:100]: Preload file at: file:///home/kasper/.config/nvim/lua/config/keymaps.lua , size = 0.204 KB
[22:54:13.044][info] [#0:script/workspace/loading.lua:112]: ++++As library of:	file:///home/kasper/.config/nvim/lua
[22:54:13.044][info] [#0:script/workspace/loading.lua:100]: Preload file at: file:///home/kasper/.config/nvim/lua/config/lazy.lua , size = 1.812 KB
[22:54:13.045][info] [#0:script/workspace/loading.lua:112]: ++++As library of:	file:///home/kasper/.config/nvim/lua
[22:54:13.045][info] [#0:script/workspace/loading.lua:100]: Preload file at: file:///home/kasper/.config/nvim/lua/config/options.lua , size = 0.207 KB
[22:54:13.045][info] [#0:script/workspace/loading.lua:112]: ++++As library of:	file:///home/kasper/.config/nvim/lua
[22:54:13.045][info] [#0:script/workspace/loading.lua:100]: Preload file at: file:///home/kasper/.config/nvim/lua/plugins/example.lua , size = 5.171 KB
[22:54:13.046][info] [#0:script/workspace/loading.lua:112]: ++++As library of:	file:///home/kasper/.config/nvim/lua
[22:54:13.046][info] [#0:script/workspace/loading.lua:88]: Skip loaded file: file:///home/kasper/.config/nvim/lua/plugins/rose-pine.lua
[22:54:13.046][info] [#0:script/workspace/loading.lua:112]: ++++As library of:	file:///home/kasper/.config/nvim/lua
[22:54:13.046][info] [#0:script/workspace/loading.lua:100]: Preload file at: file:///home/kasper/.local/share/nvim/mason/packages/lua-language-server/libexec/meta/LuaJIT%20en-us%20utf8/ffi.lua , size = 2.529 KB
[22:54:13.047][info] [#0:script/workspace/loading.lua:112]: ++++As library of:	file:///home/kasper/.local/share/nvim/mason/packages/lua-language-server/libexec/meta/LuaJIT%20en-us%20utf8/ffi.lua
[22:54:13.047][info] [#0:script/workspace/loading.lua:100]: Preload file at: file:///home/kasper/.local/share/nvim/mason/packages/lua-language-server/libexec/meta/LuaJIT%20en-us%20utf8/io.lua , size = 6.364 KB
[22:54:13.049][info] [#0:script/workspace/loading.lua:112]: ++++As library of:	file:///home/kasper/.local/share/nvim/mason/packages/lua-language-server/libexec/meta/LuaJIT%20en-us%20utf8/io.lua
[22:54:13.049][info] [#0:script/workspace/loading.lua:100]: Preload file at: file:///home/kasper/.local/share/nvim/mason/packages/lua-language-server/libexec/meta/LuaJIT%20en-us%20utf8/table.lua , size = 4.445 KB
[22:54:13.051][info] [#0:script/workspace/loading.lua:112]: ++++As library of:	file:///home/kasper/.local/share/nvim/mason/packages/lua-language-server/libexec/meta/LuaJIT%20en-us%20utf8/table.lua
[22:54:13.051][info] [#0:script/workspace/loading.lua:100]: Preload file at: file:///home/kasper/.local/share/nvim/mason/packages/lua-language-server/libexec/meta/LuaJIT%20en-us%20utf8/jit/profile.lua , size = 0.348 KB
[22:54:13.051][info] [#0:script/workspace/loading.lua:112]: ++++As library of:	file:///home/kasper/.local/share/nvim/mason/packages/lua-language-server/libexec/meta/LuaJIT%20en-us%20utf8/jit/profile.lua
[22:54:13.051][info] [#0:script/workspace/loading.lua:100]: Preload file at: file:///home/kasper/.config/nvim/init.lua , size = 0.070 KB
[22:54:13.051][info] [#0:script/workspace/loading.lua:172]: Loaded files takes [0.796] sec: file:///home/kasper/.config/nvim
[22:54:13.051][info] [#0:script/workspace/loading.lua:181]: Compile files takes [0.000] sec: file:///home/kasper/.config/nvim
[22:54:13.051][info] [#0:script/workspace/loading.lua:182]: Loaded finish:	file:///home/kasper/.config/nvim
[22:54:13.051][info] [#0:script/workspace/workspace.lua:387]: Preload finish at:	file:///home/kasper/.config/nvim
[22:54:13.066][info] [#0:script/provider/diagnostic.lua:560]: Diagnostics scope [file:///home/kasper/.config/nvim], files count:[141]
[22:54:13.066][warn] [#0:script/proto/proto.lua:189]: Method [textDocument/didOpen] takes [0.881]sec. {
  jsonrpc = "2.0",
  method = "textDocument/didOpen",
  params = {
    textDocument = {
      languageId = "lua",
      text = '"***"',
      uri = "file:///home/kasper/.config/nvim/lua/plugins/rose-pine.lua",
      version = 0
    }
  }
}
[22:54:13.066][warn] [#0:script/proto/proto.lua:189]: Method [textDocument/documentHighlight] takes [0.819]sec. {
  id = 18,
  jsonrpc = "2.0",
  method = "textDocument/documentHighlight",
  params = {
    position = {
      character = 0,
      line = 15
    },
    textDocument = {
      uri = "file:///home/kasper/.config/nvim/lua/plugins/rose-pine.lua"
    }
  }
}
[22:54:13.068][warn] [#0:script/proto/proto.lua:189]: Method [textDocument/semanticTokens/full] takes [0.831]sec. {
  id = 16,
  jsonrpc = "2.0",
  method = "textDocument/semanticTokens/full",
  params = {
    textDocument = {
      uri = "file:///home/kasper/.config/nvim/lua/plugins/rose-pine.lua"
    }
  }
}
[22:54:13.068][warn] [#0:script/proto/proto.lua:189]: Method [textDocument/inlayHint] takes [0.832]sec. {
  id = 7,
  jsonrpc = "2.0",
  method = "textDocument/inlayHint",
  params = {
    range = {
      end = {
        character = 0,
        line = 16
      },
      start = {
        character = 0,
        line = 0
      }
    },
    textDocument = {
      uri = "file:///home/kasper/.config/nvim/lua/plugins/rose-pine.lua"
    }
  }
}
[22:54:13.068][warn] [#0:script/proto/proto.lua:189]: Method [textDocument/inlayHint] takes [0.832]sec. {
  id = 9,
  jsonrpc = "2.0",
  method = "textDocument/inlayHint",
  params = {
    range = {
      end = {
        character = 0,
        line = 16
      },
      start = {
        character = 0,
        line = 0
      }
    },
    textDocument = {
      uri = "file:///home/kasper/.config/nvim/lua/plugins/rose-pine.lua"
    }
  }
}
[22:54:13.068][warn] [#0:script/proto/proto.lua:189]: Method [textDocument/inlayHint] takes [0.832]sec. {
  id = 11,
  jsonrpc = "2.0",
  method = "textDocument/inlayHint",
  params = {
    range = {
      end = {
        character = 0,
        line = 16
      },
      start = {
        character = 0,
        line = 0
      }
    },
    textDocument = {
      uri = "file:///home/kasper/.config/nvim/lua/plugins/rose-pine.lua"
    }
  }
}
[22:54:13.069][warn] [#0:script/proto/proto.lua:189]: Method [textDocument/inlayHint] takes [0.832]sec. {
  id = 13,
  jsonrpc = "2.0",
  method = "textDocument/inlayHint",
  params = {
    range = {
      end = {
        character = 0,
        line = 16
      },
      start = {
        character = 0,
        line = 0
      }
    },
    textDocument = {
      uri = "file:///home/kasper/.config/nvim/lua/plugins/rose-pine.lua"
    }
  }
}
[22:54:13.069][warn] [#0:script/proto/proto.lua:189]: Method [textDocument/inlayHint] takes [0.832]sec. {
  id = 15,
  jsonrpc = "2.0",
  method = "textDocument/inlayHint",
  params = {
    range = {
      end = {
        character = 0,
        line = 16
      },
      start = {
        character = 0,
        line = 0
      }
    },
    textDocument = {
      uri = "file:///home/kasper/.config/nvim/lua/plugins/rose-pine.lua"
    }
  }
}
[22:54:13.069][warn] [#0:script/proto/proto.lua:189]: Method [textDocument/inlayHint] takes [0.820]sec. {
  id = 17,
  jsonrpc = "2.0",
  method = "textDocument/inlayHint",
  params = {
    range = {
      end = {
        character = 0,
        line = 16
      },
      start = {
        character = 0,
        line = 0
      }
    },
    textDocument = {
      uri = "file:///home/kasper/.config/nvim/lua/plugins/rose-pine.lua"
    }
  }
}
[22:54:13.070][warn] [#0:script/proto/proto.lua:189]: Method [textDocument/documentSymbol] takes [0.882]sec. {
  id = 4,
  jsonrpc = "2.0",
  method = "textDocument/documentSymbol",
  params = {
    textDocument = {
      uri = "file:///home/kasper/.config/nvim/lua/plugins/rose-pine.lua"
    }
  }
}
[22:54:13.071][warn] [#0:script/proto/proto.lua:189]: Method [textDocument/foldingRange] takes [0.883]sec. {
  id = 5,
  jsonrpc = "2.0",
  method = "textDocument/foldingRange",
  params = {
    textDocument = {
      uri = "file:///home/kasper/.config/nvim/lua/plugins/rose-pine.lua"
    }
  }
}
[22:54:13.092][info] [#0:script/provider/diagnostic.lua:577]: Diagnostics scope [file:///home/kasper/.config/nvim] finished, takes [0.008] sec.
[22:54:50.676][info] [#0:script/provider/diagnostic.lua:560]: Diagnostics scope [file:///home/kasper/.config/nvim], files count:[141]
[22:54:50.700][info] [#0:script/provider/diagnostic.lua:577]: Diagnostics scope [file:///home/kasper/.config/nvim] finished, takes [0.010] sec.
[22:54:55.389][warn] [#0:script/pub/report.lua:24]: Load proto error:	Disconnected!
[22:55:08.336][info] [#0:script/provider/provider.lua:176]: Server shutdown.
[22:55:08.438][warn] [#0:script/pub/report.lua:24]: Load proto error:	Disconnected!
